
[20:48:58] ============================== CRASH DETECTED ==============================
[20:48:58] Timestamp: 2026-01-14 20:48:58.834979
[20:48:58] Traceback (most recent call last):
[20:48:58]   File "/home/sarrveshwer/Documents/GitHub/Multiple-Linear-Regression-for-housing/.venv/lib/python3.13/site-packages/pandas/core/indexes/base.py", line 3812, in get_loc
[20:48:58]     return self._engine.get_loc(casted_key)
[20:48:58]            ~~~~~~~~~~~~~~~~~~~~^^^^^^^^^^^^
[20:48:58]   File "pandas/_libs/index.pyx", line 167, in pandas._libs.index.IndexEngine.get_loc
[20:48:58]   File "pandas/_libs/index.pyx", line 196, in pandas._libs.index.IndexEngine.get_loc
[20:48:58]   File "pandas/_libs/hashtable_class_helper.pxi", line 7088, in pandas._libs.hashtable.PyObjectHashTable.get_item
[20:48:58]   File "pandas/_libs/hashtable_class_helper.pxi", line 7096, in pandas._libs.hashtable.PyObjectHashTable.get_item
[20:48:58] KeyError: 'Price'

[20:48:58] The above exception was the direct cause of the following exception:

[20:48:58] Traceback (most recent call last):
[20:48:58]   File "/home/sarrveshwer/Documents/GitHub/Multiple-Linear-Regression-for-housing/main.py", line 226, in <module>
[20:48:58]     Model.run("kc_house_data.csv")
[20:48:58]     ~~~~~~~~~^^^^^^^^^^^^^^^^^^^^^
[20:48:58]   File "/home/sarrveshwer/Documents/GitHub/Multiple-Linear-Regression-for-housing/main.py", line 218, in run
[20:48:58]     self.dataset(filename)
[20:48:58]     ~~~~~~~~~~~~^^^^^^^^^^
[20:48:58]   File "/home/sarrveshwer/Documents/GitHub/Multiple-Linear-Regression-for-housing/main.py", line 135, in dataset
[20:48:58]     self.y=self.df["Price"]
[20:48:58]            ~~~~~~~^^^^^^^^^
[20:48:58]   File "/home/sarrveshwer/Documents/GitHub/Multiple-Linear-Regression-for-housing/.venv/lib/python3.13/site-packages/pandas/core/frame.py", line 4113, in __getitem__
[20:48:58]     indexer = self.columns.get_loc(key)
[20:48:58]   File "/home/sarrveshwer/Documents/GitHub/Multiple-Linear-Regression-for-housing/.venv/lib/python3.13/site-packages/pandas/core/indexes/base.py", line 3819, in get_loc
[20:48:58]     raise KeyError(key) from err
[20:48:58] KeyError: 'Price'

[20:48:58] ============================================================================

